#
# There is insufficient memory for the Java Runtime Environment to continue.
# Native memory allocation (mmap) failed to map 134217728 bytes for Failed to commit area from 0x0000000081c00000 to 0x0000000089c00000 of length 134217728.
# Possible reasons:
#   The system is out of physical RAM or swap space
#   The process is running with CompressedOops enabled, and the Java Heap may be blocking the growth of the native heap
# Possible solutions:
#   Reduce memory load on the system
#   Increase physical memory or swap space
#   Check if swap backing store is full
#   Decrease Java heap size (-Xmx/-Xms)
#   Decrease number of Java threads
#   Decrease Java thread stack sizes (-Xss)
#   Set larger code cache with -XX:ReservedCodeCacheSize=
# This output file may be truncated or incomplete.
#
#  Out of Memory Error (t:/workspace/open/src/hotspot/os/windows/os_windows.cpp:3264), pid=7288, tid=8828
#
# JRE version:  (12.0.2+10) (build )
# Java VM: Java HotSpot(TM) 64-Bit Server VM (12.0.2+10, mixed mode, aot, sharing, tiered, compressed oops, g1 gc, windows-amd64)
# No core dump will be written. Minidumps are not enabled by default on client versions of Windows
#

---------------  S U M M A R Y ------------

Command Line: -Dfile.encoding=Cp1252 com.luv2code.hibernate.demo.DeleteStudentDemo

Host: Intel(R) Core(TM) i5-8250U CPU @ 1.60GHz, 8 cores, 7G,  Windows 10 , 64 bit Build 17763 (10.0.17763.1158)
Time: Tue Apr 28 11:04:11 2020 Eastern Daylight Time elapsed time: 0 seconds (0d 0h 0m 0s)

---------------  T H R E A D  ---------------

Current thread (0x000002e20dc3d800):  JavaThread "Unknown thread" [_thread_in_vm, id=8828, stack(0x000000e935500000,0x000000e935600000)]

Stack: [0x000000e935500000,0x000000e935600000]
Native frames: (J=compiled Java code, j=interpreted, Vv=VM code, C=native code)
V  [jvm.dll+0x63aa2a]
V  [jvm.dll+0x78ce1e]
V  [jvm.dll+0x78e4c1]
V  [jvm.dll+0x78eb13]
V  [jvm.dll+0x2627e8]
V  [jvm.dll+0x637f5a]
V  [jvm.dll+0x62c845]
V  [jvm.dll+0x31e49c]
V  [jvm.dll+0x31e2cf]
V  [jvm.dll+0x324006]
V  [jvm.dll+0x371f56]
V  [jvm.dll+0x371720]
V  [jvm.dll+0x2f845a]
V  [jvm.dll+0x2f96d2]
V  [jvm.dll+0x767267]
V  [jvm.dll+0x7689f5]
V  [jvm.dll+0x380059]
V  [jvm.dll+0x74b794]
V  [jvm.dll+0x3ef5cd]
V  [jvm.dll+0x3f1471]
C  [jli.dll+0x51cf]
C  [ucrtbase.dll+0x21ffa]
C  [KERNEL32.DLL+0x17974]
C  [ntdll.dll+0x6a271]


---------------  P R O C E S S  ---------------

Threads class SMR info:
_java_thread_list=0x00007ff83fc27928, length=0, elements={
}

Java Threads: ( => current thread )

Other Threads:
  0x000002e20dc7b000 GCTaskThread "GC Thread#0" [stack: 0x000000e935600000,0x000000e935700000] [id=15664]
  0x000002e20dc89000 ConcurrentGCThread "G1 Main Marker" [stack: 0x000000e935700000,0x000000e935800000] [id=3956]
  0x000002e20dc94000 ConcurrentGCThread "G1 Conc#0" [stack: 0x000000e935800000,0x000000e935900000] [id=9824]

[error occurred during error reporting (printing all threads), id 0xc0000005, EXCEPTION_ACCESS_VIOLATION (0xc0000005) at pc=0x00007ff83f4585e7]

VM state:not at safepoint (not fully initialized)

VM Mutex/Monitor currently owned by a thread:  ([mutex/lock_event])
[0x000002e20dc38ad0] Heap_lock - owner thread: 0x000002e20dc3d800

Heap address: 0x0000000081c00000, size: 2020 MB, Compressed Oops mode: Non-zero based: 0x0000000081c00000
Narrow klass base: 0x0000000000000000, Narrow klass shift: 0

GC Heap History (0 events):
No events

Deoptimization events (0 events):
No events

Classes redefined (0 events):
No events

Internal exceptions (0 events):
No events

Events (0 events):
No events


Dynamic libraries:
0x00007ff7e5ef0000 - 0x00007ff7e5eff000 	C:\Program Files\Java\jdk-12.0.2\bin\javaw.exe
0x00007ff864ba0000 - 0x00007ff864d8d000 	C:\WINDOWS\SYSTEM32\ntdll.dll
0x00007ff861e20000 - 0x00007ff861ed3000 	C:\WINDOWS\System32\KERNEL32.DLL
0x00007ff861360000 - 0x00007ff8615f5000 	C:\WINDOWS\System32\KERNELBASE.dll
0x00007ff861010000 - 0x00007ff86110a000 	C:\WINDOWS\System32\ucrtbase.dll
0x00007ff835670000 - 0x00007ff835688000 	C:\Program Files\Java\jdk-12.0.2\bin\jli.dll
0x00007ff834190000 - 0x00007ff8341a6000 	C:\Program Files\Java\jdk-12.0.2\bin\VCRUNTIME140.dll
0x00007ff8638a0000 - 0x00007ff863943000 	C:\WINDOWS\System32\ADVAPI32.dll
0x00007ff864050000 - 0x00007ff8640ee000 	C:\WINDOWS\System32\msvcrt.dll
0x00007ff864ad0000 - 0x00007ff864b6e000 	C:\WINDOWS\System32\sechost.dll
0x00007ff8640f0000 - 0x00007ff864212000 	C:\WINDOWS\System32\RPCRT4.dll
0x00007ff8642b0000 - 0x00007ff864447000 	C:\WINDOWS\System32\USER32.dll
0x00007ff861220000 - 0x00007ff861240000 	C:\WINDOWS\System32\win32u.dll
0x00007ff846500000 - 0x00007ff846779000 	C:\WINDOWS\WinSxS\amd64_microsoft.windows.common-controls_6595b64144ccf1df_6.0.17763.1158_none_de722d88534a897f\COMCTL32.dll
0x00007ff863bf0000 - 0x00007ff863c19000 	C:\WINDOWS\System32\GDI32.dll
0x00007ff860e70000 - 0x00007ff861009000 	C:\WINDOWS\System32\gdi32full.dll
0x00007ff8646d0000 - 0x00007ff8649fc000 	C:\WINDOWS\System32\combase.dll
0x00007ff8612c0000 - 0x00007ff861360000 	C:\WINDOWS\System32\msvcp_win.dll
0x00007ff861240000 - 0x00007ff8612be000 	C:\WINDOWS\System32\bcryptPrimitives.dll
0x00007ff8541f0000 - 0x00007ff8541fa000 	C:\WINDOWS\SYSTEM32\VERSION.dll
0x00007ff861ee0000 - 0x00007ff861f0e000 	C:\WINDOWS\System32\IMM32.DLL
0x00007ff827440000 - 0x00007ff8274ea000 	C:\Program Files\Java\jdk-12.0.2\bin\msvcp140.dll
0x00007ff83f150000 - 0x00007ff83fcc7000 	C:\Program Files\Java\jdk-12.0.2\bin\server\jvm.dll
0x00007ff864220000 - 0x00007ff864228000 	C:\WINDOWS\System32\PSAPI.DLL
0x00007ff84dfa0000 - 0x00007ff84dfa9000 	C:\WINDOWS\SYSTEM32\WSOCK32.dll
0x00007ff85e6c0000 - 0x00007ff85e6e4000 	C:\WINDOWS\SYSTEM32\WINMM.dll
0x00007ff863d90000 - 0x00007ff863dfd000 	C:\WINDOWS\System32\WS2_32.dll
0x00007ff85e690000 - 0x00007ff85e6bd000 	C:\WINDOWS\SYSTEM32\winmmbase.dll
0x00007ff861620000 - 0x00007ff86166a000 	C:\WINDOWS\System32\cfgmgr32.dll
0x00007ff860bb0000 - 0x00007ff860bc1000 	C:\WINDOWS\System32\kernel.appcore.dll
0x00007ff840740000 - 0x00007ff840751000 	C:\Program Files\Java\jdk-12.0.2\bin\verify.dll
0x00007ff85f060000 - 0x00007ff85f24d000 	C:\WINDOWS\SYSTEM32\DBGHELP.DLL
0x00007ff845dd0000 - 0x00007ff845dfa000 	C:\WINDOWS\SYSTEM32\dbgcore.DLL
0x00007ff840550000 - 0x00007ff840576000 	C:\Program Files\Java\jdk-12.0.2\bin\java.dll
0x00007ff840530000 - 0x00007ff840547000 	C:\Program Files\Java\jdk-12.0.2\bin\zip.dll
0x00007ff841190000 - 0x00007ff84119a000 	C:\Program Files\Java\jdk-12.0.2\bin\jimage.dll

dbghelp: loaded successfully - version: 4.0.5 - missing functions: none
symbol engine: initialized successfully - sym options: 0x614 - pdb path: .;C:\Program Files\Java\jdk-12.0.2\bin;C:\WINDOWS\SYSTEM32;C:\WINDOWS\WinSxS\amd64_microsoft.windows.common-controls_6595b64144ccf1df_6.0.17763.1158_none_de722d88534a897f;C:\Program Files\Java\jdk-12.0.2\bin\server

VM Arguments:
jvm_args: -Dfile.encoding=Cp1252 
java_command: com.luv2code.hibernate.demo.DeleteStudentDemo
java_class_path (initial): C:\Users\danny\eclipse2-workspace\HibernateTutorial\bin;C:\Users\danny\eclipse2-workspace\HibernateTutorial\lib\antlr-2.7.7.jar;C:\Users\danny\eclipse2-workspace\HibernateTutorial\lib\byte-buddy-1.10.7.jar;C:\Users\danny\eclipse2-workspace\HibernateTutorial\lib\classmate-1.5.1.jar;C:\Users\danny\eclipse2-workspace\HibernateTutorial\lib\dom4j-2.1.1.jar;C:\Users\danny\eclipse2-workspace\HibernateTutorial\lib\FastInfoset-1.2.15.jar;C:\Users\danny\eclipse2-workspace\HibernateTutorial\lib\hibernate-commons-annotations-5.1.0.Final.jar;C:\Users\danny\eclipse2-workspace\HibernateTutorial\lib\hibernate-core-5.4.14.Final.jar;C:\Users\danny\eclipse2-workspace\HibernateTutorial\lib\istack-commons-runtime-3.0.7.jar;C:\Users\danny\eclipse2-workspace\HibernateTutorial\lib\jandex-2.1.1.Final.jar;C:\Users\danny\eclipse2-workspace\HibernateTutorial\lib\javassist-3.24.0-GA.jar;C:\Users\danny\eclipse2-workspace\HibernateTutorial\lib\javax.activation-api-1.2.0.jar;C:\Users\danny\eclipse2-workspace\HibernateTutorial\lib\javax.persistence-api-2.2.jar;C:\Users\danny\eclipse2-workspace\HibernateTutorial\lib\jaxb-api-2.3.1.jar;C:\Users\danny\eclipse2-workspace\HibernateTutorial\lib\txw2-2.3.1.jar;C:\Users\danny\eclipse2-workspace\HibernateTutorial\lib\stax-ex-1.8.jar;C:\Users\danny\eclipse2-workspace\HibernateTutorial\lib\jaxb-runtime-2.3.1.jar;C:\Users\danny\eclipse2-workspace\HibernateTutorial\lib\jboss-logging-3.3.2.Final.jar;C:\Users\danny\eclipse2-workspace\HibernateTutorial\lib\jboss-transaction-api_1.2_spec-1.1.1.Final.jar;C:\Users\danny\eclipse2-workspace\HibernateTutorial\lib\mysql-connector-java-8.0.19.jar
Launcher Type: SUN_STANDARD

[Global flags]
     intx CICompilerCount                          = 4                                         {product} {ergonomic}
     uint ConcGCThreads                            = 2                                         {product} {ergonomic}
     uint G1ConcRefinementThreads                  = 8                                         {product} {ergonomic}
   size_t G1HeapRegionSize                         = 1048576                                   {product} {ergonomic}
    uintx GCDrainStackTargetSize                   = 64                                        {product} {ergonomic}
   size_t InitialHeapSize                          = 134217728                                 {product} {ergonomic}
   size_t MarkStackSize                            = 4194304                                   {product} {ergonomic}
   size_t MaxHeapSize                              = 2118123520                                {product} {ergonomic}
   size_t MinHeapDeltaBytes                        = 1048576                                   {product} {ergonomic}
    uintx NonNMethodCodeHeapSize                   = 5836300                                {pd product} {ergonomic}
    uintx NonProfiledCodeHeapSize                  = 122910970                              {pd product} {ergonomic}
    uintx ProfiledCodeHeapSize                     = 122910970                              {pd product} {ergonomic}
    uintx ReservedCodeCacheSize                    = 251658240                              {pd product} {ergonomic}
     bool SegmentedCodeCache                       = true                                      {product} {ergonomic}
     bool UseCompressedClassPointers               = true                                 {lp64_product} {ergonomic}
     bool UseCompressedOops                        = true                                 {lp64_product} {ergonomic}
     bool UseG1GC                                  = true                                      {product} {ergonomic}
     bool UseLargePagesIndividualAllocation        = false                                  {pd product} {ergonomic}

Logging:
Log output configuration:
 #0: stdout all=warning uptime,level,tags
 #1: stderr all=off uptime,level,tags

Environment Variables:
PATH=C:/Program Files/Java/jdk-12.0.2/bin/server;C:/Program Files/Java/jdk-12.0.2/bin;C:\Program Files (x86)\Intel\Intel(R) Management Engine Components\iCLS\;C:\Program Files\Intel\Intel(R) Management Engine Components\iCLS\;C:\WINDOWS\system32;C:\WINDOWS;C:\WINDOWS\System32\Wbem;C:\WINDOWS\System32\WindowsPowerShell\v1.0\;C:\WINDOWS\System32\OpenSSH\;C:\Program Files (x86)\Intel\Intel(R) Management Engine Components\DAL;C:\Program Files\Intel\Intel(R) Management Engine Components\DAL;C:\Program Files (x86)\Intel\Intel(R) Management Engine Components\IPT;C:\Program Files\Intel\Intel(R) Management Engine Components\IPT;C:\Program Files\Java\jdk-12.0.2\bin;C:\Program Files\Java\jdk-12.0.2\bin;C:\Program Files\Java\jdk-12.0.2\bin;C:\Program Files\Git\cmd;C:\Program Files\MySQL\MySQL Shell 8.0\bin\;C:\Users\danny\AppData\Local\Microsoft\WindowsApps;;C:\eclipse 2\eclipse;
USERNAME=danny
OS=Windows_NT
PROCESSOR_IDENTIFIER=Intel64 Family 6 Model 142 Stepping 10, GenuineIntel



---------------  S Y S T E M  ---------------

OS: Windows 10 , 64 bit Build 17763 (10.0.17763.1158)

CPU:total 8 (initial active 8) (4 cores per cpu, 2 threads per core) family 6 model 142 stepping 10, cmov, cx8, fxsr, mmx, sse, sse2, sse3, ssse3, sse4.1, sse4.2, popcnt, avx, avx2, aes, clmul, erms, 3dnowpref, lzcnt, ht, tsc, tscinvbit, bmi1, bmi2, adx, fma

Memory: 4k page, system-wide physical 8076M (697M free)
TotalPageFile size 23170M (AvailPageFile size 83M)
current process WorkingSet (physical memory assigned to process): 10M, peak: 10M
current process commit charge ("private bytes"): 60M, peak: 188M

vm_info: Java HotSpot(TM) 64-Bit Server VM (12.0.2+10) for windows-amd64 JRE (12.0.2+10), built on Jul 16 2019 01:56:17 by "mach5one" with MS VC++ 15.5 (VS2017)

END.
